CREATE DIR app/code/local/MagicToolbox
CREATE DIR app/code/local/MagicToolbox/MagicZoomPlus
CREATE DIR app/code/local/MagicToolbox/MagicZoomPlus/Model
CREATE FILE app/code/local/MagicToolbox/MagicZoomPlus/Model/Settings.php
CREATE DIR app/code/local/MagicToolbox/MagicZoomPlus/Model/Mysql4
CREATE FILE app/code/local/MagicToolbox/MagicZoomPlus/Model/Mysql4/Settings.php
CREATE DIR app/code/local/MagicToolbox/MagicZoomPlus/Model/Mysql4/Settings
CREATE FILE app/code/local/MagicToolbox/MagicZoomPlus/Model/Mysql4/Settings/Collection.php
CREATE FILE app/code/local/MagicToolbox/MagicZoomPlus/Model/Observer.php
CREATE DIR app/code/local/MagicToolbox/MagicZoomPlus/sql
CREATE DIR app/code/local/MagicToolbox/MagicZoomPlus/sql/magiczoomplus_setup
CREATE FILE app/code/local/MagicToolbox/MagicZoomPlus/sql/magiczoomplus_setup/mysql4-install-4.6.6.php
CREATE DIR app/code/local/MagicToolbox/MagicZoomPlus/core
CREATE FILE app/code/local/MagicToolbox/MagicZoomPlus/core/magictoolbox.templatehelper.class.php
CREATE FILE app/code/local/MagicToolbox/MagicZoomPlus/core/magictoolbox.params.class.php
CREATE FILE app/code/local/MagicToolbox/MagicZoomPlus/core/magiczoomplus.module.core.class.php
CREATE FILE app/code/local/MagicToolbox/MagicZoomPlus/core/magicscroll.module.core.class.php
CREATE FILE app/code/local/MagicToolbox/MagicZoomPlus/core/magictoolbox.attributeshelper.class.php
CREATE DIR app/code/local/MagicToolbox/MagicZoomPlus/controllers
CREATE FILE app/code/local/MagicToolbox/MagicZoomPlus/controllers/MagiczoomplusController.php
CREATE DIR app/code/local/MagicToolbox/MagicZoomPlus/controllers/Module
CREATE FILE app/code/local/MagicToolbox/MagicZoomPlus/controllers/Module/GalleryController.php
CREATE DIR app/code/local/MagicToolbox/MagicZoomPlus/etc
CREATE FILE app/code/local/MagicToolbox/MagicZoomPlus/etc/config.xml
CREATE FILE app/code/local/MagicToolbox/MagicZoomPlus/etc/adminhtml.xml
CREATE DIR app/code/local/MagicToolbox/MagicZoomPlus/Block
CREATE DIR app/code/local/MagicToolbox/MagicZoomPlus/Block/Html
CREATE FILE app/code/local/MagicToolbox/MagicZoomPlus/Block/Html/Head.php
CREATE DIR app/code/local/MagicToolbox/MagicZoomPlus/Block/Product
CREATE DIR app/code/local/MagicToolbox/MagicZoomPlus/Block/Product/View
CREATE DIR app/code/local/MagicToolbox/MagicZoomPlus/Block/Product/View/Options
CREATE DIR app/code/local/MagicToolbox/MagicZoomPlus/Block/Product/View/Options/Type
CREATE FILE app/code/local/MagicToolbox/MagicZoomPlus/Block/Product/View/Options/Type/Select.php
CREATE FILE app/code/local/MagicToolbox/MagicZoomPlus/Block/Product/New.php
CREATE DIR app/code/local/MagicToolbox/MagicZoomPlus/Block/Adminhtml
CREATE FILE app/code/local/MagicToolbox/MagicZoomPlus/Block/Adminhtml/Settings.php
CREATE DIR app/code/local/MagicToolbox/MagicZoomPlus/Block/Adminhtml/Settings
CREATE DIR app/code/local/MagicToolbox/MagicZoomPlus/Block/Adminhtml/Settings/Edit
CREATE FILE app/code/local/MagicToolbox/MagicZoomPlus/Block/Adminhtml/Settings/Edit/Form.php
CREATE FILE app/code/local/MagicToolbox/MagicZoomPlus/Block/Adminhtml/Settings/Edit/Tabs.php
CREATE DIR app/code/local/MagicToolbox/MagicZoomPlus/Block/Adminhtml/Settings/Edit/Tab
CREATE DIR app/code/local/MagicToolbox/MagicZoomPlus/Block/Adminhtml/Settings/Edit/Tab/Form
CREATE DIR app/code/local/MagicToolbox/MagicZoomPlus/Block/Adminhtml/Settings/Edit/Tab/Form/Element
CREATE FILE app/code/local/MagicToolbox/MagicZoomPlus/Block/Adminhtml/Settings/Edit/Tab/Form/Element/Gallery.php
CREATE DIR app/code/local/MagicToolbox/MagicZoomPlus/Block/Adminhtml/Settings/Edit/Tab/Form/Element/Gallery
CREATE FILE app/code/local/MagicToolbox/MagicZoomPlus/Block/Adminhtml/Settings/Edit/Tab/Form/Element/Gallery/Content.php
CREATE FILE app/code/local/MagicToolbox/MagicZoomPlus/Block/Adminhtml/Settings/Edit/Tab/Form.php
CREATE FILE app/code/local/MagicToolbox/MagicZoomPlus/Block/Adminhtml/Settings/Form.php
CREATE FILE app/code/local/MagicToolbox/MagicZoomPlus/Block/Adminhtml/Settings/Grid.php
CREATE FILE app/code/local/MagicToolbox/MagicZoomPlus/Block/Adminhtml/Settings/Edit.php
CREATE DIR app/code/local/MagicToolbox/MagicZoomPlus/Helper
CREATE FILE app/code/local/MagicToolbox/MagicZoomPlus/Helper/Settings.php
CREATE FILE app/code/local/MagicToolbox/MagicZoomPlus/Helper/Data.php
CREATE FILE app/code/local/MagicToolbox/MagicZoomPlus/Helper/Params.php
CREATE FILE app/design/adminhtml/default/default/layout/magiczoomplus.xml
CREATE DIR app/design/adminhtml/default/default/template/magiczoomplus
CREATE FILE app/design/adminhtml/default/default/template/magiczoomplus/settings.phtml
CREATE FILE app/design/frontend/base/default/layout/magiczoomplus.xml
CREATE DIR app/design/frontend/base/default/template/magiczoomplus
CREATE FILE app/design/frontend/base/default/template/magiczoomplus/list.phtml
CREATE FILE app/design/frontend/base/default/template/magiczoomplus/product_viewed.phtml
CREATE DIR app/design/frontend/base/default/template/magiczoomplus/templates
CREATE FILE app/design/frontend/base/default/template/magiczoomplus/templates/right.tpl.php
CREATE FILE app/design/frontend/base/default/template/magiczoomplus/templates/bottom.tpl.php
CREATE FILE app/design/frontend/base/default/template/magiczoomplus/templates/left.tpl.php
CREATE FILE app/design/frontend/base/default/template/magiczoomplus/templates/top.tpl.php
CREATE FILE app/design/frontend/base/default/template/magiczoomplus/templates/original.tpl.php
CREATE FILE app/design/frontend/base/default/template/magiczoomplus/media.phtml
CREATE FILE app/design/frontend/base/default/template/magiczoomplus/magictoolbox_list.phtml
CREATE FILE app/design/frontend/base/default/template/magiczoomplus/header.phtml
CREATE FILE app/design/frontend/base/default/template/magiczoomplus/new.phtml
CREATE DIR js/magiczoomplus
CREATE FILE js/magiczoomplus/iehover-fix.js
CREATE FILE js/magiczoomplus/menu.js
CREATE DIR skin/adminhtml/default/default/magiczoomplus
CREATE FILE skin/adminhtml/default/default/magiczoomplus/style.css
CREATE FILE skin/adminhtml/default/default/magiczoomplus/options.js
CREATE FILE skin/adminhtml/default/default/magiczoomplus/magicscroll.png
CREATE FILE skin/frontend/base/default/css/magicscroll.css
CREATE DIR skin/frontend/base/default/css/graphics
CREATE FILE skin/frontend/base/default/css/graphics/buttons1-big.png
CREATE FILE skin/frontend/base/default/css/graphics/zoomin2.cur
CREATE FILE skin/frontend/base/default/css/graphics/buttons3-big.png
CREATE FILE skin/frontend/base/default/css/graphics/buttons3-small.png
CREATE FILE skin/frontend/base/default/css/graphics/buttons5-big.png
CREATE FILE skin/frontend/base/default/css/graphics/buttons3.png
CREATE FILE skin/frontend/base/default/css/graphics/buttons7.png
CREATE FILE skin/frontend/base/default/css/graphics/arrows-padding.png
CREATE FILE skin/frontend/base/default/css/graphics/zoomout.cur
CREATE FILE skin/frontend/base/default/css/graphics/arrows-big.png
CREATE FILE skin/frontend/base/default/css/graphics/zoomout2.cur
CREATE FILE skin/frontend/base/default/css/graphics/buttons5-small.png
CREATE FILE skin/frontend/base/default/css/graphics/buttons7-big.png
CREATE FILE skin/frontend/base/default/css/graphics/loader.gif
CREATE FILE skin/frontend/base/default/css/graphics/buttons4-small.png
CREATE FILE skin/frontend/base/default/css/graphics/buttons2-big.png
CREATE FILE skin/frontend/base/default/css/graphics/buttons1.png
CREATE FILE skin/frontend/base/default/css/graphics/buttons5.png
CREATE FILE skin/frontend/base/default/css/graphics/buttons2-small.png
CREATE FILE skin/frontend/base/default/css/graphics/hint.gif
CREATE FILE skin/frontend/base/default/css/graphics/buttons1-small.png
CREATE FILE skin/frontend/base/default/css/graphics/buttons6-small.png
CREATE FILE skin/frontend/base/default/css/graphics/zoomin.cur
CREATE FILE skin/frontend/base/default/css/graphics/buttons2.png
CREATE FILE skin/frontend/base/default/css/graphics/buttons6-big.png
CREATE FILE skin/frontend/base/default/css/graphics/arrows.png
CREATE FILE skin/frontend/base/default/css/graphics/buttons4.png
CREATE FILE skin/frontend/base/default/css/graphics/buttons4-big.png
CREATE FILE skin/frontend/base/default/css/graphics/arrows-small.png
CREATE FILE skin/frontend/base/default/css/graphics/buttons6.png
CREATE FILE skin/frontend/base/default/css/graphics/buttons7-small.png
CREATE FILE skin/frontend/base/default/css/magiczoomplus.css
CREATE FILE skin/frontend/base/default/js/magictoolbox_utils.js
CREATE FILE skin/frontend/base/default/js/magicscroll.js
CREATE FILE skin/frontend/base/default/js/magiczoomplus.js
CREATE FILE app/etc/modules/MagicToolbox_MagicZoomPlus.xml
